0 verbose cli /home/jerry/.nvm/versions/node/v18.19.1/bin/node /home/jerry/.nvm/versions/node/v18.19.1/bin/npm
1 info using npm@10.2.4
2 info using node@v18.19.1
3 timing npm:load:whichnode Completed in 2ms
4 timing config:load:defaults Completed in 2ms
5 timing config:load:file:/home/jerry/.nvm/versions/node/v18.19.1/lib/node_modules/npm/npmrc Completed in 1ms
6 timing config:load:builtin Completed in 1ms
7 timing config:load:cli Completed in 4ms
8 timing config:load:env Completed in 1ms
9 timing config:load:file:/home/jerry/.cache/typescript/5.4/.npmrc Completed in 0ms
10 timing config:load:project Completed in 5ms
11 timing config:load:file:/home/jerry/.npmrc Completed in 0ms
12 timing config:load:user Completed in 1ms
13 timing config:load:file:/home/jerry/.nvm/versions/node/v18.19.1/etc/npmrc Completed in 0ms
14 timing config:load:global Completed in 0ms
15 timing config:load:setEnvs Completed in 1ms
16 timing config:load Completed in 15ms
17 timing npm:load:configload Completed in 15ms
18 timing config:load:flatten Completed in 4ms
19 timing npm:load:mkdirpcache Completed in 1ms
20 timing npm:load:mkdirplogs Completed in 0ms
21 verbose title npm install @types/react@ts5.4 @types/react-dom@ts5.4 @types/eslint@ts5.4
22 verbose argv "install" "--ignore-scripts" "@types/react@ts5.4" "@types/react-dom@ts5.4" "@types/eslint@ts5.4" "--save-dev" "--user-agent" "typesInstaller/5.4.5"
23 timing npm:load:setTitle Completed in 2ms
24 timing npm:load:display Completed in 1ms
25 verbose logfile logs-max:10 dir:/home/jerry/.npm/_logs/2024-04-30T08_55_47_670Z-
26 verbose logfile /home/jerry/.npm/_logs/2024-04-30T08_55_47_670Z-debug-0.log
27 timing npm:load:logFile Completed in 10ms
28 timing npm:load:timers Completed in 0ms
29 timing npm:load:configScope Completed in 0ms
30 timing npm:load Completed in 52ms
31 timing arborist:ctor Completed in 1ms
32 silly logfile start cleaning logs, removing 1 files
33 silly logfile done cleaning log files
34 timing idealTree:init Completed in 84ms
35 timing arborist:ctor Completed in 1ms
36 http fetch GET 200 https://registry.npmjs.org/@types%2freact-dom 207ms (cache revalidated)
37 http fetch GET 200 https://registry.npmjs.org/@types%2feslint 213ms (cache revalidated)
38 http fetch GET 200 https://registry.npmjs.org/@types%2freact 270ms (cache revalidated)
39 timing idealTree:userRequests Completed in 277ms
40 silly idealTree buildDeps
41 silly fetch manifest @types/eslint@8.56.10
42 silly fetch manifest @types/react@18.3.1
43 silly fetch manifest @types/react-dom@18.3.0
44 silly placeDep ROOT @types/eslint@8.56.10 REPLACE for:  want: 8.56.10
45 silly placeDep ROOT @types/react@18.3.1 REPLACE for:  want: 18.3.1
46 silly placeDep ROOT @types/react-dom@18.3.0 REPLACE for:  want: 18.3.0
47 timing idealTree:#root Completed in 32ms
48 timing idealTree:node_modules/@types/eslint Completed in 0ms
49 timing idealTree:node_modules/@types/react Completed in 0ms
50 timing idealTree:node_modules/@types/react-dom Completed in 0ms
51 timing idealTree:buildDeps Completed in 35ms
52 timing idealTree:fixDepFlags Completed in 1ms
53 timing idealTree Completed in 399ms
54 timing reify:loadTrees Completed in 400ms
55 timing reify:diffTrees Completed in 4ms
56 silly reify moves {}
57 timing reify:retireShallow Completed in 1ms
58 timing reify:createSparse Completed in 0ms
59 timing reify:loadBundles Completed in 0ms
60 silly audit bulk request {
60 silly audit   '@ioredis/commands': [ '1.2.0' ],
60 silly audit   '@types/accepts': [ '1.3.7' ],
60 silly audit   '@types/better-sqlite3': [ '7.6.9' ],
60 silly audit   '@types/body-parser': [ '1.19.5' ],
60 silly audit   '@types/bytes': [ '3.1.4' ],
60 silly audit   '@types/call-bind': [ '1.0.5' ],
60 silly audit   '@types/connect': [ '3.4.38' ],
60 silly audit   '@types/connect-redis': [ '0.0.23' ],
60 silly audit   '@types/content-disposition': [ '0.5.8' ],
60 silly audit   '@types/content-type': [ '1.1.8' ],
60 silly audit   '@types/cookie': [ '0.6.0' ],
60 silly audit   '@types/cookie-parser': [ '1.4.7' ],
60 silly audit   '@types/cookie-session': [ '2.0.48' ],
60 silly audit   '@types/cookie-signature': [ '1.1.2' ],
60 silly audit   '@types/cookiejar': [ '2.1.5' ],
60 silly audit   '@types/cors': [ '2.8.17' ],
60 silly audit   '@types/debug': [ '4.1.12' ],
60 silly audit   '@types/depd': [ '1.1.36' ],
60 silly audit   '@types/destroy': [ '1.0.3' ],
60 silly audit   '@types/ee-first': [ '1.1.3' ],
60 silly audit   '@types/ejs': [ '3.1.5' ],
60 silly audit   '@types/encodeurl': [ '1.0.2' ],
60 silly audit   '@types/escape-html': [ '1.0.4' ],
60 silly audit   '@types/estree': [ '1.0.5' ],
60 silly audit   '@types/etag': [ '1.8.3' ],
60 silly audit   '@types/express': [ '4.17.21' ],
60 silly audit   '@types/express-serve-static-core': [ '4.19.0' ],
60 silly audit   '@types/express-session': [ '1.18.0' ],
60 silly audit   '@types/finalhandler': [ '1.2.3' ],
60 silly audit   '@types/forwarded': [ '0.1.3' ],
60 silly audit   '@types/fresh': [ '0.5.2' ],
60 silly audit   '@types/function-bind': [ '1.1.10' ],
60 silly audit   '@types/get-intrinsic': [ '1.2.2' ],
60 silly audit   '@types/gopd': [ '1.0.3' ],
60 silly audit   '@types/has-property-descriptors': [ '1.0.3' ],
60 silly audit   '@types/has-symbols': [ '1.0.2' ],
60 silly audit   '@types/hbs': [ '4.0.4' ],
60 silly audit   '@types/http-errors': [ '2.0.4' ],
60 silly audit   '@types/inherits': [ '0.0.33' ],
60 silly audit   '@types/json-schema': [ '7.0.15' ],
60 silly audit   '@types/keygrip': [ '1.0.6' ],
60 silly audit   '@types/media-typer': [ '1.1.3' ],
60 silly audit   '@types/merge-descriptors': [ '1.0.3' ],
60 silly audit   '@types/method-override': [ '0.0.35' ],
60 silly audit   '@types/methods': [ '1.1.4' ],
60 silly audit   '@types/mime': [ '3.0.4', '1.3.5' ],
60 silly audit   '@types/mime-db': [ '1.43.5' ],
60 silly audit   '@types/mime-types': [ '2.1.4' ],
60 silly audit   '@types/mocha': [ '10.0.6' ],
60 silly audit   '@types/morgan': [ '1.9.9' ],
60 silly audit   '@types/ms': [ '0.7.34' ],
60 silly audit   '@types/negotiator': [ '0.6.3' ],
60 silly audit   '@types/node': [ '20.12.7' ],
60 silly audit   '@types/object-inspect': [ '1.13.0' ],
60 silly audit   '@types/on-finished': [ '2.3.4' ],
60 silly audit   '@types/parseurl': [ '1.3.3' ],
60 silly audit   '@types/prop-types': [ '15.7.12' ],
60 silly audit   '@types/proxy-addr': [ '2.0.3' ],
60 silly audit   '@types/qs': [ '6.9.14' ],
60 silly audit   '@types/range-parser': [ '1.2.7' ],
60 silly audit   '@types/redis': [ '2.8.32' ],
60 silly audit   '@types/safer-buffer': [ '2.1.3' ],
60 silly audit   '@types/send': [ '0.17.4' ],
60 silly audit   '@types/serve-static': [ '1.15.7' ],
60 silly audit   '@types/statuses': [ '2.0.5' ],
60 silly audit   '@types/superagent': [ '8.1.6' ],
60 silly audit   '@types/supertest': [ '6.0.2' ],
60 silly audit   '@types/toidentifier': [ '1.0.2' ],
60 silly audit   '@types/type-is': [ '1.6.6' ],
60 silly audit   '@types/utils-merge': [ '0.0.31' ],
60 silly audit   '@types/vary': [ '1.1.3' ],
60 silly audit   '@types/vhost': [ '3.0.9' ],
60 silly audit   'cluster-key-slot': [ '1.1.2' ],
60 silly audit   csstype: [ '3.1.3' ],
60 silly audit   debug: [ '4.3.4' ],
60 silly audit   denque: [ '2.1.0' ],
60 silly audit   handlebars: [ '4.7.8' ],
60 silly audit   ioredis: [ '5.3.2' ],
60 silly audit   'lodash.defaults': [ '4.2.0' ],
60 silly audit   'lodash.isarguments': [ '3.1.0' ],
60 silly audit   minimist: [ '1.2.8' ],
60 silly audit   ms: [ '2.1.2' ],
60 silly audit   'neo-async': [ '2.6.2' ],
60 silly audit   'redis-errors': [ '1.2.0' ],
60 silly audit   'redis-parser': [ '3.0.0' ],
60 silly audit   'source-map': [ '0.6.1' ],
60 silly audit   'standard-as-callback': [ '2.1.0' ],
60 silly audit   'types-registry': [ '0.1.684' ],
60 silly audit   'uglify-js': [ '3.17.4' ],
60 silly audit   'undici-types': [ '5.26.5' ],
60 silly audit   wordwrap: [ '1.0.0' ],
60 silly audit   '@types/eslint': [ '8.56.10' ],
60 silly audit   '@types/react': [ '18.3.1' ],
60 silly audit   '@types/react-dom': [ '18.3.0' ]
60 silly audit }
61 timing reify:unpack Completed in 1ms
62 timing reify:unretire Completed in 0ms
63 timing build:queue Completed in 0ms
64 timing build:deps Completed in 0ms
65 timing build Completed in 0ms
66 timing reify:build Completed in 1ms
67 timing reify:trash Completed in 0ms
68 timing reify:save Completed in 84ms
69 http fetch POST 200 https://registry.npmjs.org/-/npm/v1/security/advisories/bulk 174ms
70 timing auditReport:getReport Completed in 182ms
71 silly audit report {}
72 timing auditReport:init Completed in 0ms
73 timing reify:audit Completed in 182ms
74 timing reify Completed in 601ms
75 timing command:install Completed in 610ms
76 verbose exit 0
77 timing npm Completed in 892ms
78 info ok
